0 294 58 232 102 239 207 235 219 206 37 153
1 88 38 226 277 298 25 199 242 176 1 247
2 286 150 156 121 253 195 124 78 252 240 49
3 
4 34
5 212 218 21 128 117 23 93 98 292 126 189
6 
7 
8 159 225 19 166 64 89 287 106 228 233 52
9 72 171 44 146 295 114 119 265 142 272 77
10 260 267 281 82 191 101 20 115 67 94 257
11 
12 
13 
14 203 105 129 241 122 11 255 104 47 143 211
15 167
16 
17 136 193 224 284 26 160 283 81 154 97 278
18 
19 133 107 53 29 268 42 291 55 43 262 169
20 87
21 
22 259 227 91 28 236 22 181 289 17 279 274
23 103 95 39 50 258 237 112 12 215 46 149
24 
25 
26 127 15 113 282 86 6 10 223 182 69 151
27 
28 99
29 
30 7 161 200 40 157 243 238 51 120 229 84
31 
32 
33 
34 
35 
36 4 60 79 204 68 73 248 266 71 186 132
37 
38 24 13 285 174 27 140 118 35 192 100 183
39 246 220
40 
41 41
42 162 18 198 222 254 170 201 155 66 30 208
43 168
44 
45 216
46 
47 
48 
49 
50 
51 184
52 
53 299 62
54 
55 
56 
57 
58 164
59 
60 
61 
62 
63 
64 
65 
66 
67 0
68 
69 116
70 180
71 
72 
73 
74 
75 
76 
77 276 290 188 214 3 109 5 145 251 123 9
78 
79 
80 
81 108
82 8 263 261 271 61 76 131 45 250 288 175
83 
84 
85 
86 85
87 92 144 213 172 177 70 16 196 141 135 130
88 
89 54
90 
91 
92 210 137 63 185 209 147 90 139 152 270 293
93 134 273 245 217 111 48 205 264 256 178 2
94 75 187 57 14 197 190 138 59 297 231 165
95 80 74 96 244 163 269 83 31 280 194 173
96 275
97 110 148
98 249 56 125 230 202 158
99 296