0 9979 4583 5541 8419 5351 645 9466 1523 2108 1257 5526 1248 9229 2591
1 2986 9463 4255 4657 9419 942 2745 7457 599 2467 6036 9155 3213 5523 1882 7536 8318 2489 4708 9857 3800 7452 5776 411 3327 9717 5147
2 1888 4877 8978 4807 7884 6009 4089 254 6416 9508 9983 9292 6436 6396 809 8569 5919 5321 8124 2643 5148 7530 197 6981 7410 8235 910
3 4309 8713 9282 3263 6000 7253 5409 4872 9822 4068 2722 2478 5694 2087 1832 1165 5333 9591 9016 7225 7658 9787 301 2697 6016 9831
4 672 3891 8573 935 6023 7535 1168 2407 3851 8760 5768 4893 9114 2633 9571 2632 9862 6385 3764 291 460 1362 7983 1077 3111 1559 431
5 4143 9996 1142 8285 7034 1079 4713 629 5632 3044 4772 7904 9079 1690 9363 4252 820
6 3239 7891 9144 448 506 6648 7730 6082 3465 2374 9694 3285 5026 5464 238 8881 528 7738 2081 2263 960 8180 9008 7885 1991 1641 3093 5376
7 4758 1635 4935 1260 7174 4880 9364 3622 8956 6067 7726 6253 2375 9270 5904 9470 7978 3523 745 4304 8408 1028 8934 4257 6118 1966 8260 1646
8 741 4387 4848 5566 1873 376 8190 2173 9817 7691 6240 7626 4217 7101 9250 8471 9788 9173 9094 8985 6303 5894 421 3304 3656 6789 2865 7937
9 3580 7849 2642 989 5477 6638 9737 8667 5567 8159 9167 6684 9779 1034 5052 1068 5589 6687 7774 1545
10 6198 3208 7355 7149 9611 3977 4997 1342 5326 4845 6790 4176 8802 9174 4707 2616 9568 6177 5461 6964 9334 8582 899 8131
11 3307 6924 3989 9927 4476 1403 2211 4778
12 7862 5377 5712 1496 7732 7282 8316 1166 1907 8307 5999 4906 2768 2004 9017 7294 5612 5930 7128 4668 2593 6514 8726
13 8587 2538 6168 9628 5668 6969 5366 4441 1338 8444 6641 4266 8428 4964 6415 6772 3919 824 8233 2018 418 2050 9648 8082 7436 1230 7115
14 6160 1883 9495 57 4587 823 46 8990 1455 7984 8952 8883 4012 6187 5357 8432 1828 253 5575 5277 838 3089 4793
15 88 2293 9255 7557 381 2952 6272 2187 9964 7573 8691 5901 2670 3340 5880 6556 4173 9153 9162 8604 2058 2687 334 9689 8929 7146 1378
16 2576 2838 2118 419 9925 9708 855 198 8126 8381 2494 3423 6007 5728 2113 8398 1552 5130 1801 3589 8163 4186 1972
17 9913 1421 6173 7263 4798 444 4491 6882 8901 6751 2715 9583 1371 841 94 1388 8469 7623 7518 8908 8330
18 4742 5698 4794 3073 2967 5674 3290 3531 9248 4236 4892 2125 7599 5367 4682 5675 2590 5850 6611 9603 7667 4325
19 6002 8736 7249 4826 6739 529 6251 6476 2054 7508 8562 6157 3534 1314 2413 6530 1890 7976 2239 2889 2849 5775 8183 4956 1377 8538 5230 4538
20 9393 8699 6420 4003 2997 141 6062 1872 6582 9659 1424 510 2611 8297 8643 1765 4380 7054 2114 1987 2815 5825 4013 5474 7133 8377
21 6961 2536 1267 3191 9738 3802 91 5847 516 215 9324 4340 2129 8359 7454 5739 7997 8853 6690 5338 4928 9048 3887 5817 9329
22 7475 5710 4507 3842 6076 5426 2388 5021 3454 9240 2595 2634 1464 5183 9653 6351 6651 3678 6166 7242 1379 2886 1095 3417 8396 6931 383 8171 343
23 4058 4984 2690 290 9116 5453 9158 1768 7498 7793 5268 4043 9547 9185 5738 8006 8221 9343 4609 5940 6435 2550 3405 2821 5443 7943 6113
24 8708 9691 2626 6338 1399 5813 3359 3771 2252 8947
25 1993 2166 3202 7376
26 3055 6110 9503 9926 266 5584 921 5844 1752 8148 1612 2713 9778 3241 5308 1357 7998 6517
27 4948 1251 1959 8991 9681 8742 2404 1211 9288 4559 134 7734 8960 8390 6055 2012 6299 9093 2092 7995 5207 3698 6960
28 9514 5721 933 3615 3038 7162 3315 1660 6437 4832 7205 5804 686 7403 1806 8734 2091 5392 1285 8893 4570 7985 234 3535 8862 3664
29 5440 2928 7666 5602 9477 3190 8116 674 2867 3505 9141 6722 4669 527 6116 2567 8812 2517 8388 6428 1577 185 6817 9189 2100 1341 4157 3279
30 303 2748 874 1186 1465 9138 5260 281 3751 5864 534 7179 4237 9295 574 6175 5056 2194 3143 4287 7617 6872 5978 2922 9097 8012
31 8477 5060 442 5347 2180 5375 9570 843 1220 4302 7712 5519 2089 3316 5172 3266 6977 1136 126 6037 988 6957 4627 1112 1022
32 5402 3249 3176 3614 6397 9701 1382 2325 9618 3387 9616 4513 153 9301 4691 955 4242 8327 3128 7002 7307 9931
33 5086 1689 1527 6550 4940 1355 1745 5914 6548 3300 2552 7842 2242 4810 3911 5918 7310 8613 1462 7052 4795 7163 4416
34 222 2791 7804 1670 345 6542 7400 6500 783 480 3020 6285 3322 9782 9309 7825
35 3629 8566 1970 7787 761 3636 4607 156 5910 7987 5176 4747 276 2596 9755 2646 701 5119 1268 6551 8032 5067
36 7640 8711 867 5045 5135 2341 1819 7819 6083 8933 3501 5741 8668 752 784 441 5024 1517 4240 7606 8685 1306 3500 5459
37 5693 5237 9602 1994 7193 4171 1613 9075 397 6999 4685 2042 3699 3763 6478 7012 2085 2785 4650 2826 1122 3100 9257 5348 8372 6600
38 1353 6849 3510 6475 2651 1281 2979 3675 4247 6677 4981 9800 9351 8545 7024 242 1750 9801 3968 620 140 2310 8142 6209 6273 8374 5895 3380
39 7911 7028 3188 2518 6454 660 7041 9962 2395 7197 8075 7931 1911 918 8601 2189 1340 4276 3961 7433
40 4839 5856 6327 4869 2140 348 5557 4944 1179 2057 5486 4330 9113 771 3142 3399 1449 4336 9108 5022 848 4462 8362 6018
41 8406 5948 5887 7934 2464 8030 2044 7729 4105 6297 9574 7587 8775 7090 155 7914 344 2542 9588 4183 3348 8579 7369 8696 6979 9146 8490 3723
42 1105 1111 611 3414 8882 81 5564 5074 5879 9607 6231 4279 4549 8068 9435 1358 3337 4152 1622 2083 5581 8724 6112 1614 7649 1472
43 5335 6786 4836 7882 1509 9273 4828 52 1392 582 2923 8299 3841 213 9730 1025 3881 5331 9415 4680 4551 9013 4610 2224 1015
44 8175 2523 825 2934 6575 5287 553 6243 4209 9300 3443 8105 5911 2762 2068 9212 1941 2150 1880
45 8773 6910 8918 161 1461 1008 8495 6486 1237 1740 7178 7238 3545 5418 5378 3011 4509 6355 2127 2287 1290 1958 3514 4846
46 6695 7082 6296 4973 8795 7245 1631 2406 4989 1790 7754 65 4443 5002 6130 8438 9448 4175 6371 9840 4952 1043 6317 4896 9317 5318 5631 6721
47 7928 6558 3910 7554 5539 5036 2126 2675 3228 3874 5256 8326 7125 2084 5258 7121 3725 3804 8537 2514 650 3486 5749 4759 3712 6603 5174 3032
48 7040 9544 6164 2992 2442 6244 7387 2095 8407 5725 319 6987 7440 4992 9239 3813 2584 3582 6554 6972 7827 6071 9715 5489 3957 6481 3719 3313 3386
49 5161 658 3424 3381 7962 3707 4086 3832 3684 4612 9592 3642 3587 6702 4399 8676 7026 5814 5111 6315 5973 795 3478
50 5970 5858 2230 4482 5593 2343 4072 5133 1980 7727 3392 7273 4974 5611 5832 2851 6520 4814 7469 5460 4927 1161 2312 8424 2964 9573
51 6649 8302 4575 364 3330 5019 7886 1780 8634 8944 2965 2219 3427 7039 6626 2926 1304
52 713 6658 7975 9252 7153 6174 4097 2427 3419 4131 7583 5316 5463 7 2725 1952 7611 6151 9454 3275 4348 5449 8850
53 3647 5284 3242 1618 6555 5633 3517 1974 9088 1153 8707 204 4488 6959 790 8352 4311 4484 2993 3458 8942
54 8670 7940 1945 8048 1654 2290 2372 1507 6193 4760 3683 1128 6828 8837 5896 8607 2671 7714
55 29 9052 8224 1723 8995 127 9458 4270 1896 2568 15 6059 7363 8153 3777 6117 4573 2469 8202 8836 2604 1479 6717 6585 566 8113
56 580 477 7430 3022 4914 1294 177 2602 7037 3278 575 543 5512 7461 8817 9605 9389 8201 3728 4589 3179 3945 9005 3853 9637 9937 4383 4177
57 2828 1384 4624 1233 8042 169 9678 4709 1947 2023 7967 1771 8693 9706 6020 2462 3908 7578 6841 9728 6330 8483 879 3388 6595 2172
58 9216 2641 4867 4830 2787 6196 6270 7171 9186 446 7480 2223 7378 307 4611 9668 9024 7358 5753
59 9550 3325 6971 6615 2558 3648 6885 7301 6389 8741 6423 3137 2700 7551 3700 7168 6549 7887 6599 8056 9520
60 8509 5218 47 1252 5291 6967 4744 6460 4866 275 3556 6713 3449 5102 2344 1719 2311 7333 5114 9664 1390 5141 1278 8152 7151 927 8897 6258 5280 1019 4120
61 3149 5991 4773 3506 3237 3099 673 5893 5531 9259 7878 7311 2090
62 2176 8231 8969 2433 8764 5118 7181 2606 6107 8139 6935
63 55 7948 712 6464 5095 7402 3819 9759 4474 914 1704
64 2917 5572 8370 3050 4602 4372 5766 1250 6172 8288 6596 3925 3293 1277 361 8304 6249 4110 3485 4757 5641 750 9601 2289 3518 5273 9736 7223
65 3743 739 5285 956 2731 3493 6618 425 5076 3859 5301 8534 7501 1125 9348 4694 487 9565 1554 6372 2188 7850 111 3870
66 6913 7346 5250 1762 3772 8807 7907 5101 4921 6235 8258 1485 261 4166 44 5707 8762 8948 2847 1701 9749 5688 9753
67 8787 902 7406 439 6771 1647 4887
68 4687 3918 1778 6904 5862 4335 3004 4660 4019 7514 3661 664 2701 9854 5800 7089 3084 7409 4501 6606 5354 7472
69 9888 9087 6003 6058 2982 633 1256 886 8214 9823 3799 9001 5583 1337 1345 5243 8616 9233 2414 3943 1413 367 6236 6090
70 1978 9935 4112 3585 9064 9410 2857 9222 7532 7817 3231 9934 4690 678 6939 239 1145 3939 1855
71 2296 2788 965 4016 1201 6652 7477 8243 2415 8237 8963 2309 3474 1772 6325 9682 7449 1434 3081 2258 9488 2827 2460 9129 4554 2221 2200 2818 1212
72 3321 3767 2693 1435 4961 6490 8943 7290 648 6242 9243
73 9698 567 2649 1 8937 5837 2386 3373 3896 3694 8819 8903 6137 9863 9867 6636 3060 478 7185 4480 8983 9294 491 5051 3390 1642 805
74 1135 9579 4898 4504 4067 8501 6489 9398 2795 1659 8267 3586
75 2061 5990 1869 4064 1102 8379 6013 6672 1799 6345 8746 5305 2345 1236 7999 3689 7280 2485 2750 2165 5884 371 2321 5057 2961 5646
76 3855 6735 4673 3938 8085 1913 6762 9440 1391 9911 1875 8547 4060 8935 3406 3756 9958 8966 3649 7038 143 2529 7269 3872 8602 1115 778 7214 2225
77 7141 4428 730 1997 1685 225 7096 3746 4347 9424 7381 1255 9330 6312 8242 6308 8283 5195 2236 347 7632
78 5341 5743 1010 9485 8575 8112 3949 1415 4871 408 1320 4947 6171 3844 9594 6320 7970 6890 2624 8222 8964 2594 1301 7496 2441 5964 7049
79 2571 3384 4910 1240 4028 4544 5091 3848 5144
80 9325 6884 6669 6069 7190 4645 8595 244 7275 4824 338 5083 5061 4919 3674 5349 2294 7735 2587 6227 9414 7644 3882 3015 5806 2448
81 7952 1784 1192 3536 5687 3504 171 9308 9793 86 5652 4339 2836
82 4788 9733 209 2896 4035 2585 6422 7216 7150 1539 880 2710 4135 3738 6225 5178 8732 6108 9786 5599 5395 9168 3928 590 8375 9304
83 3578 7113 4853 2248 7339 5473 8007 2882 7798 1217 4102 2873 4251 8778 8060 8322 644 3019 3681 2953 1141 8269 424 1001 9796 7795
84 423 892 5369 4782 9130 4017 2527 9566 121 9789 2241 2034 3847 9163 3573 8628 2348 260 4870 4936 71 8253
85 4536 9864 5756 5678 5400 8151 1942 6579 1532 2179 2040 5039 6926 5262 4890 9278 450 9621 3150 9982 1400 9338 2946 6844 9646 2669
86 3168 2424 3779 6430 2207 1263 9948 7169 8062 5070 4087 2694 8833 3053 3796 6629 28 6224 5614 9582 45 3040 3814 7740 7600 8718 9922
87 4855 1625 2904 7567 4411 9750 912 7317 3671 2822 8770 667 2905 7814 1898
88 4475 4414 150 2167 6985 9033 3102 4130 3646 4834 6930 4564 1143 7519 4837 8919 5846 973 6334 8232 8923 3749 1003 8091
89 2519 3849 2657 3632 5779 415 8101 9232 4939 816 2526 1310 2837 6339 4521 9416 7371 1856 6531 4253 7408 4998 7051 6881 4702 9589 8311 2983
90 4214 8290 4665 5090 6503 2927 6643 9561 6659 6393 4104 6605 5143 3470 1253 1715 1621 6666 158 2071 3063 1280 1140
91 6706 7116 3024 9286 9743 4764 9972 6956 3165 3146 4062 3450 852 78 6142 8081 2215 8365 416 7218 6594 9307 1127 4506 5508 757 8710 3528
92 5649 3475 9289 2128 2206 3421 6806 4106 6974 6830 2876 850 4030 4614 4216 764 7571 6065 7391 7204 3762 828 5616 2658
93 719 208 4101 4656 8617 7344 4884 4111 4840 6833 5529 6262 7046 1990 9828 4755 7396 9245 4095 8712 8834 7257 9775 9446 8735 1052 2463 3631
94 5971 5387 3426 9654 2999 1324 9647 4699 7014 4406 3846 3645 3222 6604 3511 7848 7897 8886 3889 8315 7744 5623 302 8622 8138 6288 8740
95 5381 3826 248 9105 4520 6006 4289 8669 235 5980 3431 1848 404 2980 49 642 2301 5204 9865 4931 3984 3612
96 920 1227 6756 1986 7685 4652 1331 4384 5310 5915 4800 1584 9513 9397 3101 3010 6928 1711 687 3091 5924 6889 1586 8226 807
97 4842 6794 3866 5699 1729 2653 1182 1700 118 1589 9720 8603 2082 1591 2244 3551 1597 9111 6637 5430 8561 4818
98 5902 6189 4717 3292 5532 4092 8857 4073 5153 953 2459 2647 6302 9290 9656 9522 2615 4996
99 6456 8227 3246 4994 9467 8626 5364 759 6461 4350 8690 4531 5407 4124 2659
100 6822 315 1363 4088 4957 8367 1968 8272 2680 2025 4394 936 4515 5139 4912 5577 7388 2466 9285 9032 7589 6449 6440 5979
101 8189 3758 6804 6563 313 6893 7068 4244 6865 3592 9998 1624 3489 9877 3360 7160 5196 4053 7835 6725 6323 3626 7996 5876 9776 7123 5859
102 7716 3774 5570 2844 1730 1205 2318 8684 3899 5867 4191 7476
103 8731 1593 5636 2717 8998 5959 4213 6727 4768 5559 8738 7327 9080 6810 1673 8526 5618 5912 4633 8515 2703 1074 6731 9061 1562
104 6662 4546 8309 9705 3616 6261 4034 3434 7569 3584 280 3127 3282 3907 7615 9194 6811 139 9275 7868 9081 7421 3653 3744 5521 6195 7183 1983 8363 7783 3994 2117
105 8342 789 168 6749 4115 8421 9842 5238 9516 5998 6114 613 5157 6777 5729 3344 5542 647 7919 2811 835
106 734 8149 435 9657 4806 3082 6213 9195 175 6367 1393 4667 6138 9026 8599 7003 8248 6050 5030 3071 2133 7524 4451 1758 6917 3286
107 6916 8277 7248 2036 8955 2105 3970 4356 7309 6379 3271 6064 7529 8621 6858 6712 1567 7217 1000
108 4094 5359 7779 9754 396 9355 9539 5105 21 2065 1671 5482 2744 4298 8092 8358 602 9873 1044 2080 758 6295 263 6750 2840
109 2507 3236 8040 119 3594 6101 7811 2115 1504 2315 1590 9881 7220 5651 6332 1857 4578 4026 7852 7254 2328 5765 7596 3367
110 3692 7810 3490 9625 7492 3778 9070 4398 2921 4114 2281 5909 694 2197 4674 3473 6660 9204 7581
111 5027 9166 9830 1550 3116 9199 6716 9612 9077 8871 5380 9444 1761 7939 9816 3808 7377 34 9856 6766 6109 2445
112 2008 2738 9944 854 2937 6089 3770 8984 3798 9992 9687 7262 3416 5117 4280 2461 4341 9386 4991 8066 2001 2070 251 8636 1887 1569
113 9619 5818 4200 8803 6141 66 3513 5603 1299 7894 6775 3077 3377 7130 7944 7974 6620 3342 4238 6232 8678 1231 8503 5937 2411 6152
114 8184 1977 3785 3429 6737 6313 3476 9388 537 8325 2213 8920 3484 4925 4361 4678 5328 4769 9507 1147 1204 5225 8543 9196
115 4882 7108 2110 7562 7081 821 9729 8511 1960 2 5385 7635 9403 4373 9431 5035 8443 2002 5784 5454 79 6300 5988 6494
116 1315 4648 2780 5686 6703 6512 8761 969 8644 8033 3765 9038 8125 2805 2947 3982 2991 2772 903 2336 6369 8706 3831 5869 1427 6 6650
117 5885 8557 1054 3833 4493 494 7466 4937 5317 1519 4970 3912 8049 3448 3074 1707 9099 2545 3600 5246 2723 4463 8925 7681 9014 1868 3265 4725
118 8420 1438 9631 9575 2333 7203 9846 1062 1779 3157 7407 1924 9056 6038 2039 8931 9425 8651 8771 3217 2347 3166 2747 7784 2516 9635 8414 9766
119 1332 1630 9543 3739 9100 8694 8827 286 2842 9474 4426 4620 1727 1471 6030 3446 1965 5524 6091 5680 1162 7756 3705 7713
120 8758 9636 5888 2181 6825 7933 5684 2910 6120 6696 8705 5122 5958 7417 4369 9218 2676 5007 5363 5820 555 2962 3745 2421 1488 9007 535 3643
121 769 8426 8902 977 1835 5660 9062 2898 3862 9226 5372 8826 4085 3121 2218 2994 6679 2279 7385 6590 9578 8568 4392 2707 8195 7112 5942 4522 5714 7986
122 2135 3608 9072 399 2884 1417 3660 2894 3503 5013 8781 3355 2617 5015 5355 9390 1329 1683 1663 5647 2271 7968
123 6044 1323 3129 5711 9872 5241 1511 3867 2107 9379 320 4881 5140 6560 5639 577 9825 2779 73 438 2656 690 7702 3480 1510 7441
124 7877 7287 3830 9951 9190 8445 8523 3952 2515 4907 5201 2599 594 7250 9969 2282 5164 2752 5085 9149 6343 4180 2620
125 7109 8274 615 8682 832 8273 5082 7315 2477 4924 1389 7065 8749 3130 2789 3894 6734 7072 8439 5346 4301
126 6670 9974 2401 839 9795 9497 3451 7576 8798 1787 2938 1317 3959 6823 5943 2405 4762 7858 4294 4812 2853 9676 3627 8879 447 7824 4042
127 4525 3329 7372 2783 164 6705 1676 4163 2234 5041 2444 7865 1834 6042 3613 6429 309 8632 2486
128 1757 1874 2209 3370 6357 8688 6163 6932 3811 5163 9407 1767 3979 8779 6337 7797 2201 1712 7170 5960 1367 5342 3238 4606 994 8910
129 9291 8489 7677 5282 6764 671 2171 8038 6681 2561 7788 7651 7871 8997 3034 2222 2579 9339 861 7390 5044 9025 3347 1652
130 3607 6877 9267 4246 9345 1529 9732 6104 2933 3198 995 5138 5545 6505 1718 3189 5108
131 268 817 1218 2537 5662 5724 2377 3657 2547 3496 3308 3550 8650 2364 1885 7723 4850 1535 5319 7306 8759 8592 1445 5573
132 7013 6793 2109 3352 8909 6306 8961 4581 9756 17 6289 1678 5831 1662 3001 6958 7590 6632 8558 3971 3857
133 3090 9306 9316 8434 1386 5428 7135 6188 4397 1944 202 2228 1395 1499 5292 2614 414 7486 8844 5109 7851 6929 5478
134 9283 1024 4164 4720 7380 2696 9684 97 9089 2104 8017 9490 6234 836 5734 6124 8172 3094 3456 5121 1600 9373 8369 3780 8488 7899 8654 9916
135 1528 6529 4299 2112 9180 159 4636 9624 5356 9667 6451 9767 7781 232 1516 7619 1749 9989 2619 2302 4466 7044 349 1658 3288
136 4377 2784 481 7874 3783 3818 952 9028 7516 7045 7389 7689 2935 6326 5259 3495 3567 500 512 3336 2183 978
137 2944 3430 4875 8614 5650 4786 1422 5123 1568 6519 7566 6730 5210 4978 7340 1026 3519 8875 6688 564 145 4261 4700 770 1698 8276
138 1273 2123 2711 802 5719 7840 6570 5994 8505 387 8928 4121 3776 9237 1566 5168 1816 5840 6792 868 3106 3252 9569
139 2316 9685 3947 69 476 8397 7304 638 4277 8884
140 7799 1605 9401 5120 6498 8259 9742 6491 5033 9370 5708 7142 3494 9224 7782 1119 7258 5703 7634 1076 5613 4283 176 3652 6470 3687 5953 8350
141 768 1773 1002 3685 9837 4470 8687 6043 894 1107 2918 9643 255 2038 7706 6445 1366 2746 2456 1185 8100 5046 9354 5390
142 84 3138 5205 4050 665 6647 1480 8645 716 1470 9987 5582 1328 8811 4323 6863 1057 940 3491
143 2735 7329 5890 7236 8348 7916 9263 9133 9912 30 2366 9826 6353 6102 4608 1763 7815 8663 6401 488 9642 5434 9417 3172 6533 9120
144 9207 5491 4233 780 9314 233 7630 3521 4263 205 1036 7302 4322 7107 5726 236 3581 2022 7821 0 5889 2914 5697 8535
145 4495 8425 8382 9382 8093 1046 4958 9655 2810 542 6915 2829 8134 8064 742 8813 2354 287 931 2331 1063 7694 3861
146 3693 3651 128 8521 6316 3936 7854 8946 4363 7917 5977 8648 8939 3969
147 5300 3160 4467 2264 5962 1905 8916 7531 4621 1446 1906 7908 2027 6388 8423 8392 597 9280 911 8053 4193 3637 9281 2618
148 2432 7428 3368 601 7579 7019 5457 1048 9482 9810 5664 151 8532 1538 4262 551 5945 7426 7336 9261 4434 2824 2458 7880 3310 8305 5811 5606 6185
149 6228 3575 482 4629 39 1716 6344 711 2648 7394 8917 8284 8335 6827 1596 2403 5414 2650 1703 8655 9521 6788 2193 8156 702 8122 6439
150 7119 6745 1245 1601 4862 8665 2043 523 1639 5208 9421 2437 4464 9727 7292 1262 3960 3401 4822 4306 1483 4229 8456 1279 5822 7074 7722 5368 7235 8211 7375 3617
151 9003 7357 9469 3445 6305 7759 3482 3261 4895 9268 5306 4365 9150 8127 3212 1901 2447 6400 2553 1766 7972
152 6656 1512 3786 9769 6352 8831 7284 884 2202 8197 1753 1291 2195 2170 4458 5048 7673 8282 2848 170 4790
153 2313 7455 3334 8868 8368 2217 7595 9151 6907 6864 2383 3039 6602 7189 6131 2719 4389 5772 6781 2929 5129 1893 5604 4908 8898 9374 3883
154 2559 2006 6208 9702 1910 7411 1169 514 7769 2612 3075 2154 1307 1154 1229 7405 905 7703 6860 4726 4808 1847 587 9560 4022
155 7957 6457 3403 975 2573 5891
156 3103 6329 9874 782 3807 1733 7342 5861 6746 463 8620 9006 7570 5233 1116 6862 4529 4004 6837 5203 6092 3658 8794 1284
157 8564 3579 8835 6012 8128 2178 7010 6237 5221 4314 1736 9366 9821 2137 2560 9009 5215 9279 468 1174 3037 2503 3192 6019 7818 2196 4281 1020
158 9752 8104 8786 2497 6392 4854 6698 1937 5941 7749 6839 9023 1914 7353 9183 3379 4234 7674 5789 2582 7279 2878 8790 3529 5296 3737
159 6277 5746 409 3566 9527 9546 6407 9156 2220 7334 272 4264 2859 1042 6714 1932 1839 605 8727
160 9409 8774 2495 511 3502 2473 115 1521 6178 1282 5278 6292 5704 8524 6996 1604 3630 3639 1498 4182 569 289 9451 3559 59 7700
161 3281 3257 7347 9462 8646 6820 3115 3152 4055 5181 5950 1615 6760 2361 3998 2728 3688 8147 8046
162 1040 5727 1223 5816 2470 9429 7256 1023 7139 703 7313 5805 570 6328 3413 1795 6057 8541 706 4741 8454 8797 7111
163 2015 2031 330 146 7816 1476 2260 9849 4074 774 5314 9110 1786 815 7500 426 7771 9076 1172 5536 5874 7489 2839 2610 4047
164 4586 1838 8440 640 2409 6580 7746 3609 2164 7145 4642 2901 1967 1921 8590 9704 4452 3873 1235 7420 2365 3177 8730
165 3156 5112 6159 6879 3635 5986 6588 1616 1953 4155 7708 7832 2003 1728 2968 3576 4108 7157 4580
166 6783 7846 6307 4011 6154 5927 2562 4222 4402 8234 6614 6441 1374 8106 4129 2208
167 622 1372 4080 4666 6526 4021 1441 6484 4449 2397 9734 538 3748 2268 3682 4333 3917 1520 9040 8364 3995 7981 3638
168 6815 8629 4661 5757 8088 9609 4203 4378 5150 3048 1293 6934 3041 980
169 5769 6851 9078 6186 982 422 8806 1475 9031 8182 4675 9632 592 9269 3553 4565 9318 4771 8360 9995 1347 9803
170 5717 3990 2681 7446 6966 2771 7745 8245 9479 7296 3339 1468 8593 8437 42 4603 7199 5863 6852 8005 2726 4061 7563 6148 2449 6364 9673 6479
171 3444 8073 8448 4020 922 6216 4593 2355 8506 8373 9436 2284 5778 9957 4524 7839 4051 8230 6610
172 2720 4223 5466 6245 3453 1215 6589 461 7971 2370 6619 1720 3235 4710 154 8107 2454 888 3363 9760 4735 9443 4731 3335 8044 9714 6613
173 24 8376 1995 3544 1491 7208 6380 3532 1943 193 4293 7542 382 7368 4979 806 1469 3650 7736 5126 9590 4313 4993 6354 188 937 6576 6170
174 6952 8024 4109 3875 3885 8187 2613 2320 9952 8401 8416 384 4144 3299 220 6812 3214 681 7845 6992 8639 1219 2067 1303 4286 7350 675 8331
175 8878 502 2973 5511 3112 5433 4326 3203 7048 1330 2622 6211 2417 8177 6778 6995 5136 160 2428 5223 9587 3676 4197 2103 1865 9558 6748 136 7035 1006
176 8395 5808 6255 9804 6034 9710 6247 2291 8510 2907 2229 7148 4312 9480 2148 250 8161 7056 3563 1694 2005 5617 4226 7959 5388 6664 9773 3422 2627
177 8518 166 1697 5621 7922 9576 3439 8028 9160 4701 6891 9428 999 7720 8936 8845 5401 562 3109 5175 2592 7126 749 1318 1931
178 6767 3005 9744 6293 5437 8500 9438 7221 163 7924 6522 6578 129 5071
179 5343 9473 1955 9297 3740 4403 7642 949 7316 3845 1800 8624 278 7505 9908 1163 5257 9367 9258 4275 8589 1894 7303 4267 3571 3204 142
180 1866 1194 1908 172 5503 3477 300 7558 9896 1791 5373 8872 7091 6226 2237 3516 8914 340 9399 3151 131 5242 9818 6073 2773 7460
181 8213 6502 5920 4405 9118 8037 6946 1297 5709 1656 4014 3328 9043 1501 2777 7960 7923 337 6976 7023 1398 7739 4418 4820 2819 6191 2410
182 117 6752 9890 3193 9843 2640 453 8584 4368 2895 9883 8387 9726 4239 4364 3711 8332 4886 5661 8301
183 8950 2297 1325 40 3992 9919 2479 4777 5211 9460 6937 5421 7326 2871 858 2369 7859 6936 1064 1892 4540 3224 5294 1207
184 9847 8739 2782 1500 2663 85 9381 3155 508 137 9784 5042 8725 4235 1533 3916 5796 2101 3365 5450 1849 1536 4649 7537 12 8057 7252
185 6843 7435 8410 7277 5187 4595 9159 8560 7515 3895 7609 8031 4265 6375 6504 4681 420 5483 2674 2416 6894 8608 792 6482 4904 8119
186 2869 7227 9021 1548 1360 4732 4982 9956 3415 7001 9876 2623 3107 1226 5476 5077 4841
187 311 5954 1346 1797 7456 3710 3425 9328 7080 434 1264 2024 8141 3805 2155 9662 6661 3412 5752 6046 8070 3229 7356 391
188 7399 1803 2184 9018 1443 4821 8293 6103 7352 733 6940 7743 4165 4688 5229 8633 7427 51 5011 8467 3520 6266 6079 796 3965 2055
189 5406 7889 3603 8766 9620 3054 708 4274 5770 4211 9882 3079 4473 9941 3973 2995 27 6945 9924 3934 8472 9063 7836 1473 3543 2019 4158
190 7913 7097 5156 6584 8504 74 2702 8843 5323 2063 581 5217 7521 6938 6869 1091 8977 3407 6049 3941 7395 8321 1826 6052 4883 6210 3850
191 8840 7156 9191 284 2754 4990 993 9975 377 3986 1283 1073 2431 3389 6276 6906 5010 1540 7973 4763 8452 900 9484 4160 7154
192 2941 8783 5089 6473 4291 9209 2385 1846 8631 3469 9322 2863 2332 2205 5548 1266 5537 4619 6318 2496 75 6259 8000
193 6321 7194 5568 544 8074 6543 1117 6791 5834 652 9059 2943 3087 7826 3787 8508 7241
194 9187 3147 5008 9981 3663 6134 6197 5733 6264 9699 5496 5353 8689 6347 5826 1103 2672 5926 1086 5269 6074 9311 4962 840 1343 4955
195 6466 1530 8574 9640 2352 9127 3098 1110 7829 6218 947 2636 3145 9848 1853 3472 351 7031 8386 1149 8251 2677 7228
196 6412 6135 9385 8653 2551 767 2556 9027 5329 4456 6642 2400 6708 366 6442 7260 8314 8436 6787 2800 9892 5185 6501 8479 8391 7057 6559 6127
197 8086 4885 6951 8816 7686 2059 1565 1644 5835 1891 7918 5005 3 2396 3913 2016 305 186 8531 9695 1769 4975 1607 4083 218
198 7401 8021 9666 1655 9464 6480 578 5064 4734 4711 4851 3574 5810 9092 3283 2655 5420 5038 9615 747 9057 8090 5202 6158 4181
199 5424 627 6068 5829 9511 4585 8306 6521 8461 9277 3378 6368 2625 9993
200 9901 9090 6765 7085 1175 8609 5952 106 7764 6562 7610 1876 7237 8169 6488 3397 257 654 2939
201 5245 2742 4154 3915 9135 8555 6805 6832 2156 4224 6406 4590 4290 6387 256 9456 3187 7844 7437 9606 9792 7896 6405 1961 9215 8874
202 4307 400 5025 4404 2041 6026 7636 4503 3904 7415 7392 9321 6513 6785 1926 1824 4076 9598 4954 8405 7979 3280 8145 5251 16 7748 6465 8519 9677
203 3654 8345 1541 8051 279 4817 7728 4457 335 6095 471 5625 226 4567 2730 5149 1495 794 4393 4556
204 8271 1113 8892 9947 9954 5062 4697 3383 7059 7992 1549 2770 325
205 3333 9452 5996 7172 9164 7211 7110
206 5324 2915 6265 7312 4376 6601 9242 5713 8719 628 6732 9597 1877 54 7083 1490 2475 5493 8913 5857
207 5868 5358 3976 8915 3114 6222 5452 9238 1012 724 6699 8492 2793 723 6184 5671 6524 3440 2446 1881 6153 6214 7751 901 3264 1009
208 6900 7186 3512 9042 8854 2482 595 876 2875 8638 857 8450 1420 2631 1130 518 6975 9945 2378 9453 7050 1144 8238 436 2300 3903 7766
209 375 2589 1564 9104 5620 9171 2660 5653 4374
210 1992 1447 1221 497 4953 5050 1311 5193 5550 7680 1123 8431 5587 1796 9091 8247 2254 3158 9895 110 4142 2925 4861 8384 5362 5758 1137 2530
211 8698 7687 8979 199 6903 3194 3181 659 8820 3722 8911 8516 9498 2996 3045 5655 1164 5255 9310 9905 8714 3318 8949 4823 1951 4005
212 5304 1406 3821 718 2825 5628 1494 9505 249 8830 2850 9879 6608 7095 3926 4178 7752 7855 6586 1925 9465 2843 3718 5676 5029 5063 107
213 1335 945 1588 7737 8989 241 7239 8244 8481 5610 1747 8039 217 9244 2868 7721 3769 8751 191 4983 5883 2806 6993 5588 2755
214 7088 5875 9806 5777 830 2981 4532 3974 3432 5104 77 6204 889 1187 1632 9122 4765 8442 3670 1401 1798 4574 7660 5290 7705 9371 1713 5020
215 9084 7129 661 8536 6356 4139 5088 8300 7604 6757 4767 8491 2078 1814 4852 9629 1053 6054 4478 2471 1397 1542 8769 4519 1808 7951 2286 2280 5720 1210 4909 3569
216 2020 4260 6450 3602 3666 100 8403 7777 5087 5514 4113 8494 6085 7288 3233 4359 9293 591 505 2860 87 2743 3341
217 5598 8262 3017 9613 607 3940 2072 9228 2760 1748 8767 1396 5320 3455 3897 7447 2367 5327 1089 3175 1954 7481 7482
218 3442 8055 5295 5054 5656 9262 3326 7693 2948 8312 3031 3606 639 9658 7206
219 9675 1984 720 3605 9524 5422 1232 9481 5899 8014 1176 3216 6682 5350 7497 1058 503 5288 4576 6022 8333 1903 6028 669 1599 9721 7641 4918
220 1097 8792 2605 2338 354 7276 120 2270 4677 1188 8366 6743 4212 2854 7582 1493 5906 4684 227 2124 1608 5079 479 2575 9585 6365 1088 6467
221 7861 1852 4833 2399 2639 7847 1537 388 2272 1428 1199 293 5600 3593 8525 8887 5681 1361 8859 8756 8499 4483
222 7965 3311 8967 1582 2909 8349 4310 336 845 3126 2185 5415 8744
223 6965 6199 5480 362 2488 9253 3703 9499 9517 5065 5836
224 157 3655 7637 9696 9251 589 4847 6014 4187 1807 3927 7348 3226 5275 1481 6895 954 7597 7374 4319 8957 6434
225 2429 6654 3462 6021 1430 2984 3793 5009 7843 5302 352 7266 8400 7807 4351 8361 5383 2712 6704 3382 7200 5325 822 6914 9461 7869 1923
226 474 1013 368 6378 4343 4357 4009 1606 331 731 195 9688 8846 6432 4600 4542 7517 5555 755 9220 1636 7833 7509
227 5881 3708 7926 8228 2808 2438 683 9408 7520 2740 1029 6469 6948 6427 5272 4447 6348 3838 5666 6715 6685 6919 3781
228 6689 7585 428 4558 3420 8071 2767 3492 8196 6080 5774 913 962
229 7229 9402 8198 6718 9002 7785 9889 9265 4497 294 1197 6426 2174 689 6769 6908 3483 9327 43 1578 7625 1571 7300 6341 3890 2698 6853 1677 2169
230 957 7612 4349 1580 3270 572 2434 1453 4617 403 4838 3297 3864 9600 8888 5563 2134 8865
231 9563 2079 7117 7000 1460 6398 8167 5803 462 4117 1045 3761 3295 5411 1394 6574 3161 631 5266 2392 312 2870 7079 1454 3715 437
232 297 6123 8346 498 378 1902 8938 2453 4584 586 7341 4899 8544 5216 2990 2903 2892 4715 6527
233 700 864 1640 8219 2686 559 9177 4227 7805 8610 1198 5527 8974 6779 6366 8025 4523 5505 3820 7431 3944 7803 5439 3046 2138 818 1244 7533 8921
234 3030 666 8493 9132 9143 7806 2535 7857 2443 5004 3447 946 814 9468 8013 4382 7607 5365 4375 466 637 5311 8371 5408 3069 82 5173
235 9411 2233 9805 9254 7434 1474 3418 7513 9741 9838 7222 7645 1741 6298 9899 496 8280 9973 3548 7526 2249 6986 8507 9909 4040 1225 9938 9430
236 6901 2714 2147 7226 7994 2919 3345 4879 2121 5481 3963 7647 4988 8958 1486 4740 4514 7725 1732 5762 2096 9599 7950 1633 3012 4133 1038
237 3457 7064 9045 417 3398 4913 5100 1309 2393 959 9433 2452 6609 9988 467 2644 539 8512 8623 5740 6892 2353 7144 2269 7182 4315
238 3253 9128 5771 2056 4065 1721 8662 6161 9298 1050 4770 670 8729 5759 7470 8476 4738 7332 1155 7105 6207 7719 4951 3255 6271 398
239 4150 726 7768 4686 3542 92 8176 1738 3227 2958 8987 736 6873 6540 9148 9572 2549 6646 6194 6508 2136 5492 2908 7938 9940 5265 8641 406
240 1563 3468 8324 596 1369 4327 7830 6223 6106 8540 7588 4985 8828 63 8117 8241 8045 6797 7439 3248 5935 2764 5322 685 2227 6350
241 4379 109 4502 6645 1365 9475 8378 9357 636 938 490 692 1681 7192 4874 1316 3955 4342 5873 5528 7544 440 5551 8468 4 2243 7011 3618
242 3008 8586 6410 9549 9819 8671 9858 6587 8686 4653 2630 6678 8343 1982 4032 3061 5336 3306 1927 2987 5871 3886 9154 8891 6241 2251
243 1794 1637 4863 5158 4450 5913 8981 2192 5608 8067 9225 6552 6859 333 7945 3018 8528 3822 6768 4548 3028 1327 4296 5944 9176
244 3167 2512 3601 533 5627 1884 7448 2362 6098 1643 4784 402 4358 357 6167 473 5396 6471 5905 1975 492
245 2883 8323 5516 3058 9179 7912 2665 374 9641 7564 7366 3561 8186 8793 1666 2350 8829 9098 4923 9551 1126 8825 9690 7888 6994 430 4145 6260
246 4601 3459 9274 1206 5679 6953 740 4591 3277 6386 2563 5921 5823 917 53 4737 1936 269 5345 4901 831 9391 5293 8594
247 9626 696 8588 6818 3906 4615 704 3669 4147 6800 7231 7594 93 4388 8841 7653 2351 8896 4579 3878 8596
248 5716 4873 5006 5663 2577 5799 5124 7778 5462 4654 4125 776 8863 1918 6736 1854 9501 9808 3183 9051 3287 4859 8168 4140 5446 1439
249 1815 8965 5382 6763 2685 5801 7247 9096 7786 781 3234 5000 4324 103 4751 1157 2940 6212 616
250 6031 211 881 8542 8953 779 9724 6728 2506 4232 8218 2678 184 3956 3577 9777 9437 4545 5177 4269 9746 522 455 8278 7042 9472
251 9020 3540 6202 1503 2077 7386 4966 9234 7503 7187 5134 4046 7009 6829 9651 5851 6145 9855 5078 1575 834 3357 9432 1956
252 3869 4437 2455 4207 2635 4659 896 1189 7697 9950 8103 8550 6909 7701 1842 7741 3560
253 8559 3596 3991 1628 1667 2033 6132 9284 4249 2373 7796 4518 866 9894 6755 5416 2334 765 4672 604 6796 341 1544 8482 8612 6257 9906 4091
254 7070 328 6741 1518 507 7682 5279 2809 5219 536 133 5658 684 1525 5605 6314 4362 9525 7053 9814 1158 1809 4445 7219 6518 3120
255 4494 4781 5307 9751 8298 2954 6808 5619 8446 6674 2037 801 4804 8763 2389 5722 5993 5677 1829 6835 5447 9903 4977 432 2152 1699
256 9523 6139 4084 8464 8155 9537 9165 3062 1620 1016 8721 6047 991 4442 9946 6667 5448 8052 7240 5795 8723 6335 6573 401 8249 8089 8433
257 489 6485 4761 3795 152 5228 9564 2360 459 7143 8072 4916 4843 7077 5785 4423 803 9697 6628 9125 4598 3884 68 9693
258 8962 3358 5384 3153 3726 5956 5271 2902 1007 9439 762 3256 8265 322
259 4435 3640 7379 8973 560 3393 7812 6331 2052 9333 7672 928 433 9506 9978 3590 4122 548 9540 2775 4967 6978 4641 1359 4592
260 1066 6155 8784 5626 2799 8236 4555 4070 2533 6086 4721 5786 971 4922 3240 5607 7946 9971 9781 6944 573 3860 8098 5244
261 6633 1228 6304 7086 6984 9761 2394 691 7715 4031 8801 3752 5154 3027 7177 6033 1224 4526 4201 8399 6010 6557 9217 429 6183 8994
262 7318 1414 9011 7690 7494 4986 772 2924 6081 138 6868 7560 9780 7528 6947 5747 829 9271 2629 3324 2007 3185 1602
263 1724 9405 41 7580 2245 6537 3759 649 5465 1934 3610 7823 9247 3893 6816 7331 4876 2832 7747 9344 3768 4431 4563 8877 8666 5819 3619
264 9140 2357 4630 1904 9182 9068 3122 3623 7176 1831 6452 4533 9442 1818 8294 6229 356 603 3558 5842 1452 2683 9771 443 1653 1547 7731
265 6807 8435 8462 9815 2916 1106 9923 6719 7761 9264 285 9103 5016 3508 7930 3599 7541 625 8899 526 3766 9184 6147 9049
266 6831 5113 3541 4153 8192 3809 2721 3000 4971 4963 4077 1333 8137 9119 3713 3346 2554
267 8520 6150 2198 5212 4137 5371 1623 7545 4498 2945 3932 1385 3301 1295 192 4271 9123 5361 4041 410
268 4679 3119 8191 6886 1098 1433 8598 8291 5097 9221 8470 851 8927 7675 7201 7584 651 4367 2521 2259 9210 8130 2337 8087 1705
269 9581 7993 6239 6409 5303 5495 5169 1458 1193 865 7624 4248 3182 7462 5689 6970 996 4571 7961 9050 3125 413 5337 4943 923
270 8890 9231 8753 6528 9739 3243 4000 8478 9034 3350 7305 2628 1156 3975 557 4156
271 2356 4706 3362 7483 3404 8027 7753 1836 6568 6267 6773 1782 407 3695 944 4926 5731 9942 6045 3369 5592 3110 8717 5501
272 1515 9137 3396 2305 4409 8188 5576 4045 934 4969 3466 196 2607 7757 7100 3714 2524 9991 1895 8240 2879 5410 9608 1060 9700 2586
273 7463 2963 1030 135 306 4811 9115 3871 4185 2073 4057 108 7138 4803 6770
274 1833 699 9412 6567 6729 7191 643 1104 890 7120 2874 7525 8212 6444 2159 4950 5827 2911 6617 3954 4254 2450 8849 360 1087 2203
275 7956 6780 9556 1326 8796 6048 8118 3364 369 799 2468 4486 9029 9967 4902 7397 7330 2522 1241 1242 3302 4132 5115 5254
276 9670 3527 5017 483 6538 2776 8597 5579 1595 1429 2048 3372 4722 4044 9083 2142 4505 2257 1916 785 7244 4599 1190
277 1867 8449 530 6029 9071 5344 1725 1912 8339 9644 3323 5249 8993 2398 6061 1770 6525 3888 2317 2102 5546 7127 9434 540 9010 3349 2864 7881
278 7561 7398 8203 7102 4658 5751 8094 4858 7903 3173 4539 9299 8755 600 5530 80 619 8619 3837 2098 9891 1425 2880 1939 8178 9227 4891
279 7499 1674 9627 951 7628 4643 3958 5405 9478 3211 7900 7384 2390 26 2358 7265 6539 7652 6001 6497 1574 9041 2759 1419 9703 6499 8019 3950
280 9799 5744 4184 3066 3047 3732 6336 7808 3901 7271 8026 9790 3753 2765 5502 8971 2419 9807 162 9066 4169 925 9067 7416 6876 1014 5760 4723 3987 1948
281 6541 8484 8157 4107 3789 7901 2661 1109 546 6268 9192 3924 6622 1988 2017 8015 985 5898 6230 323 5127 1665 2598 4976 9214 8838 3825
282 8578 2480 9341 1985 8018 6566 4582 7935 5715 8627 1781 9783 7354 6709 6144 3132 6516 148 451 5248 2457 2253 1573 3929 906 1929
283 4346 1651 9813 8637 1272 7232 1319 7071 9126 132 6592 6673 2637 5506 756 9552 3662 2786 8674 9396 8036
284 7709 7512 3291 7534 4415 350 7443 3070 4535 6878 4917 6180 9124 7423 2807 1234 787 6294 1312 8861 1579 2145 3931
285 2384 9392 3331 105 3507 262 9203 5987 2175 1056 630 6545 4332 231
286 3667 3148 2539 8554 9457 8353 8804 1864 1004 7167 7654 9015 5180 8748 1870 2359 558 2858 8050 1825 2734 4408 6411 3641 3042 9765 1300
287 6403 1949 3565 1693 4099 2505 2035 8257 3085 1271 5534 8661 1551 104 676 7418 4039 2162 4148 9713 8625 9887 2877 2985 1570 7565 4127 8941
288 219 3245 5517 8146 2600 2741 6639 7633 5764 3782 2319 793 7507 5167 3262 1989 2682 5558 1717 904 8455 6472 4676 4321
289 7429 2106 277 9562 4141 3232 9836 8800 2246 6181 6462 4543 9142 7790 9447 8347 875 1950 1648 7767 2491 5596 6973 679 2032 9770
290 9976 5654 493 7683 3026 1381 1706 3996 1373 3244 274 5750 3254 1696 8777 4303 8606 144 3033
291 5018 2422 326 9634 3537 2852 7643 1459 7659 2501 4489 7007 4487 5171 6382 532 389 8572 390 6991 2502 181
292 5222 190 3572 4225 950 4205 5695 3524 8996 8815 714 970 4547 363 1035 1375 7473 1675 9502 4422 6535 6291 5485 2277 4308 247
293 5445 3104 4815 1777 4481 6871 1152 709 2045 5967 3314 5188 6963 4219 5929 8166 2308 6072 4151 6918 4391 9515
294 7657 6747 697 98 9492 4318 1349 2797 8585 8023 8502 1688 8383 8549 2204 5984 9372 7264 6990 9201 1059 3533 2094 8279 1645 7335 6087
295 6607 6740 7255 6842 3051 8785 5701 9272 1259 3731 9361 1592 2546 6897 4454 116 8954 7598 5397 8497 1442 3488 1969 4049 9747 1084 2888 2597
296 583 3197 2736 7813 9921 3733 9312
297 4618 1973 4366 7414 2513 3946 7627 2534 4550 2739 2749 237 1017 6640 1049 2763 4719 6950 3184 5644 5162 8008 6060
298 4071 1090 7314 856 9037 646 2817 4300 3247 7915 1679 1946 2580 7791 6565 6431 3006 1957 3118 7478 9953 623 7073 7297 7568 5637 722 6997
299 61 5213 5189 6547 753 7479 4331 5014 4638 897 5635 3221 4569 7062 6149 114 9683 4827 9791 9500 4401 1213 1180 4779 5547 5179 6063
300 9305 3029 5748 1843 7442 8546 3905 7920 2835 9758 5023 7351 2051 7982 7299 2295 6126 2483 593 4743 721 4670 3734 317 9200 7184 3620 4622
301 4894 7325 7678
302 8640 8848 7792 9633 2212 6980 8822 6720 8533 4188 1822 7603 6373 6867 6136 2704 4079 9885 4446 3858 797
303 8728 7114 7546 7572 6474 6402 1553 9928 8058 987 9000 8814 6290 7547 9722 6874 223 813 5152 8900 5075 8295 4010 966 296 9669 246 8185 3218 1350
304 1560 3951 2074 6856 3036 5642 7684 2088 8287 1370 5947 5488 9423 3309 804 2823 2307 1133 58 5839 2998 3134 6569
305 8204 3276 5983 932 4118 4492 5159 1976 1823 4799 3035 124
306 5860 7575 6274 7921 4849 1171 4459 2139 8140 6759 8907 4783 2371 9555 7577 3064 9387 8154
307 8179 3049 513 6942 1963 4007 2732 7941 5031 5700 6898 1448 614 7860 3078 9943 7616 8170 8839 6723 1759 9331 1935 598 56 5286 3611 3289
308 6361 2603 499 412 6443 4857 2931 1463 9086 5630 6691 6219 2029 6847 5745 2010 324 8451 5047 5499 6084 9811 2130 2492
309 1879 8020 3068 3411 6523 4485 7278 6279 230 4472 9085 90 9230 4915 941 5696 2733 4946 1151 7067 9841 9580 891 2830 4149 3702 8808 5398
310 5192 4537 8832 9680 4938 6078 4371 2667 2525 5933 3570 8460 37 4259 495 1572 9422 9961 7030 373 1928 1626
311 1664 9852 245 655 4245 552 1181 1160 7234 3997 1603 2737 6625 9593 3747 3395 1351 9047 5084 9356 7954 5685 3792 6051 9241 8980 7906 1722
312 6663 7319 1313 8856 6438 1557 2119 1862 1101 7629 76 4496 3625 243 2913 7032 7925 5330 5518 5965 6653 1380 2339 6598 6311 6795 8700
313 5235 2520 5049 35 9538 8642 7425 1412 4206 7370 1979 8193 7132 5472 4218 3828 7124 6532 8041 4081 2816 4386 9036 8894 308 1585 4424 3250 1195 8480 5723
314 9707 9768 9965 9349 5597 6655 2960 9639 9802 3948 1811 2158 8270 3464 1484 5974 9058 6933 1938 6955 20 2509
315 541 9820 9459 6349 3902 1708 9878 5788 9850 1404 4729 7281
316 273 842 9559 4285 5892 2323 7665 4355 7103 9623 2191 6581 6176 6758 7853 5585 8252 2420 2801 4577 5683 2349 4905 1788 7772 5458 9977 7093
317 6418 5615 5535 6413 9450 1845 4063 8220 6156 9859 9584 1774 561 744 7538 7800 735 1124 5128 1131 1085 2588 5131 6096 2423 9369 298 9172 1558
318 6694 7020 6192 3108 7883 5601 3117 353 8413 3691 1368 7755 3597 6692 9686 3801 5997 4745 7910 2182 7251 9069 3180 9567 9827 5232
319 3697 6404 1804 4703 5234 5267 6346 7555 2972 1096 6680 624 7259 5389 8922 4500 3206 7593 5423 9986 7268 1576 6322 4716
320 563 3338 5830 7361 1348 8869 6374 3854 3967 2557 3139 8692 4460 4647 2500 5313 4831 5165 5110 5200 270 6761 8047
321 3696 5815 4119 2368 930 2906 7592 2498 1302 819 7328 929 727 5925 4631 5066 5339 4161 4444 1837 3898 9198 6782 2238 9915 8847
322 372 2026 6125 7337 8530 2781 3775 9809 458 9526 3673 4167 83 6447 1387 1078 9929 3598 4748 3223 8754 5773 4231 3312 8319 2897 9476
323 2278 8932 3092 7243 8194 3215 8970 2292 1820 7422 6883 7006 1840 9157 5565 6846 1920 3136 3296 4465 4516 6217 926 4911 9829
324 4008 8715 7638 3083 3680 5069 1239 2275 715 8864 2402 698 9337 8750 4597 470 4001 5456 3497 1440 5028 1971 7213 228 1482 4412 3791 5900 8618
325 6263 9851 5554 2425 7464 7291 7591 393 2283 5580 5767 1514 221 7202 7758 1191 1120 9711
326 3471 9406 9012 9757 3319 6024 8412 967 3790 2804 6203 4562 1031 6861 386 5552 1094 2662 8016 8776 2974 3815 9332 1018
327 113 3546 8338 6922 8791 2751 8992 2186 8972 4168 6675 2872 264 4174 6635 1092 4425 9206 452 763
328 4090 4959 206 318 4704 7856 8737 9101 3258 1930 576 4942 8250 2955 8873 5419 3481 5 5754 101 5936 885 1437 8866 7069 472 1082 1139 6870
329 4644 2654 3839 4776 7364 6041 4453 4628 8743 2978 9181 7932 5763 3353 3730 6487 9932 2666 4534 3727 5003 3836 7776 4683 6616 4987
330 585 1860 6455 6360 846 7438 9604 9731 5995 1561 8063 9376 6281 5166 2757 7875 9211 7027 8457 9622 4199 766
331 9121 1411 8905 3186 7022 5916 123 1760 149 9266 1287 5609 7977 6676 2376
332 4056 7140 7373 849 6927 7548 5374 5298 833 7614 9302 304 6982 3856 4903 7137 7969 3437 8522 4900 2255 3268 3604 1813 3923 1083 7289 3892 2322 2691
333 519 1489 457 3966 8034 8615 4344 6359 5824 1364 2645 3999 4136 9630 8473 8162 8709 1505 2387 7688 983 6448 609 7087 5494 4568 3812 1055
334 677 2143 2511 8823 4613 986 6896 2011 5792 4159 484 4096 1383 8649 2956 2299 9718 2688 2267 8757 2932 653 8208 2798 4015 6941 3298 2544
335 6424 8029 5507 7870 3972 102 6989 7445 4775 550 2086 5092 9880 8115 1298 8354 1775 5989 3716 8880 7283 4671 2326 2794 7834 7601 7527
336 568 8158 8548 2440 656 3879 4749 8652 4006 5190 5438 1851 632 6577 7419 229 1093 9638 4268
337 1269 4170 4196 3375 4396 6809 5170 178 5160 2565 6838 7866 6824 1041 863 545 6129 9489 9997 8043 948 4220 5659
338 445 4208 3317 1830 7698 8173 9833 8780 5907 680 8344 7285 22 7646 3013 9966 9404 9529 6899 4753 6477 8083 6507 295 8337
339 2774 19 8328 7196 7092 2790 6925 9652 4221 5670 6920 5976 2062 8076 5645 3374 9350 6506 6278 6286 4508 6394 265 7165 3113 5855 5404
340 4059 2426 1208 1416 2966 1444 5220 9208 968 201 6077 6419 6017 958 4766 7989 579 8611 504 3985
341 6724 7198 9845 2856 2570 9610 1352 775 7679 1431 8099 3141 122 9902 3595 4210 8215 5643 3526 7261 6417 6005 1129 4490 8453 3880 9990
342 1735 3294 7224 6128 6340 9617 5838 4195 847 8659 8926 501 7004 1513 173 6376 6561 207 3479 1099 5412 8716 6035 7742 707 4865 224 5854
343 2418 7671 8810 1289 746 3978 9323 9875 5718 5961 392
344 610 9046 6836 4228 4029 617 4605 2543 2969 4594 1466 6571 5872 909 2950 5080 4560 8002 5736 6949 8256 3144 5972 3260 2013 7413 8722 464
345 3564 4693 6875 9487 7444 8108 7076 1249 3920 8084 1661 4284 7295 8165 8216 5549 9719 3922 1261 635
346 1138 2436 1276 5955 5783 7209 1746 6283 3981 9844 9303 7763 8976 4190 859 8855 7098 4100 9455 5946 7780 7158 8223 9910
347 2324 7210 1121 3200 8940 9134 7043 4756 4819 2977 9358 9542 8415 3438 5068 6027 6697 1919 9365 2638 5657 3720 5845 729 3863 9918 811 4750 7404 2273
348 4098 1170 4980 6634 9065 4123 4696 9812 2885 9319 3135 5391 7016 7718 6733 8498 8417 1321 6668 5432 1173 5224 2157 9936 8404 8959 4305 2724
349 2247 7553 2957 1200 6742 8768 1146 25 7063 3059 5274 6954 9898 1617 5270 1467 5791 5198 3080 9860 299 3043
350 7468 8394 4517 5544 1878 9794 1726 1909 2363 3665 8818 6458 2890
351 6039 4965 4714 1531 5032 6726 979 7543 972 7047 4438 8885 7338 4116 705 1812 8174 6358 6246 6492 2329 8078 9326
352 3549 3170 6053 5732 3701 9375 2160 1583 6094 8809 4499 8136 6146 5072 50 5966 8697 8061 5403 7980 9197 7955 3914 5922 4162 6384 4553 7467
353 2912 7180 9030 4705 6446 5263 292 9394 8486 9073 6301 8551 1702 7552 4626 5852 8427 1167 3634 1611 5624 8389 7343 4134 6943 2609 9970 3562
354 961 6493 4421 3105 7662 380 990 8945 808 2621 5094 7298 7094 5793 2381 5706 7890 5509 1270 7892 7412 182 8313 1148 2608 3284 4241
355 554 6912 6066 6902 4888 6905 5099 194 5470 4739 6459 9748 8317 8986 2555 2493 2069 3162 9427 13 6665 1594
356 8703 9246 3461 7867 1863 8035 1436 8851 3621 9106 1709 6495 4430 3154 8181 5595 9904 8206 6233 7450 4390 9764 6390 9545 4968
357 8102 1492 332 2261 9949 4930 4400 189 5394 4651 9785 1783 4075 6776 4272 4082 9509 4023 3023 7696 7905 9296 1408 2540 6433 2845 8022
358 7929 9985 2881 8772 6119 6133 8860 8164 485 1051 7490 9420 4440 6888 9884 9709 4746 2285 8286 7893 7511 4934 2490 5209 9493 1202 1522 7131 7459 4243
359 6269 2942 6004 7602 8059 7663 4664 1859 4353 4634 1692 1598 8988 9994 4825 2116 5309 6813 8565 5648 8496 1070 33 9914
360 1543 1734 4194 7574 4410 3539 6644 2030 7173
361 1305 1100 7927 9586 7382 475 4541 7118 7066 3909 5878 2141 612 9534 4407 2231 4025 9055 5151 2855 7359 3343 6093 4295 9999
362 7188 1609 8351 3816 1792 3721 2578 9900 4552 9496 7822 5569 9362 4038 924 1402 9205 288 7605 9674 4381 2379 6468 7765 3633 8308 4320 6111
363 2695 7320 7648 4048 2769 3305 7021 9441 5877 4625 5992 9533 8199 2120 8683 6701 8658 1858 9614 2862 5848 7539
364 8329 7704 3773 95 1755 8529 6597 379 2439 3163 2144 7099 556 8004 4640 3273 9535 8999 1680 6250 70 3522 4695 1288 7036
365 394 7864 212 9735 7692 1487 8695 4328 1710 2846 7949 9368 2151 283 4698 2936 8567 5468 6370 9893 1238 7909
366 1005 8459 9320 2718 1744 5928 5467 7540 60 3140 327 3525 2814
367 9313 3196 5540 4202 1684 4024 907 2753 5809 8239 5040 4204 7502 4198 2834 4468 4945 6623 1011 3219 2262 2342 5833 5431 7586 6032 9536 2210
368 5497 4352 6630 8079 3829 3547 4561 9136 7106 9541 7966 738 1183 4215 2149 6100 8409 6256 3942 3644 2976 9178 9834 9577 5672
369 1178 5352 8747 8951 3205 3624 7267 524 1682 6363 5199 359 8356 5098 5429 9145 6693 9486 7676 4479 7485 5931 321
370 6115 7104 3354 7323 9871 9832 3169 2314 8485 7794 7872 6880 6983 5484 1850 7802 6282 1432 6624 7559 860 7809
371 4066 8458 2566 2216 4297 3057 2304 252 147 7078 777 1308 800 405 6798 3628 4754 6511 1274 743 1478 4230 6534 7863 4972 2049 1150
372 549 9920 6536 9557 2000 8876 2240 4433 355 395 7750 4033 9955 8289 7018 9716 9400 2708 5427 3834 1032 7025
373 4078 2531 3865 6220 1222 3366 2673 5951 7837 6962 862 9968 3463 6821 3487 8539 1629 8680 4572 7838 2891 8011 2970 2564 1619 8320 6496 1118
374 2949 5393 873 6319 1322 3201 8010 1933 6564 5634 1080 9660 8704 2226 3797 1691 4292
375 4637 7471 5425 5957 2235 992 9276 7988 2122 7898 695 3498 1714 7195 8264 7345 1457 7895 7828 725 1754 1354 7487 7991 9960 5821 8069
376 4829 984 7724 2250 9074 8109 5702 2841 3436 1981 5640 4809 1296 1477 3195 5882 9342 1405 6040 7963 3835 2699 2391 4780 4797 9 6088 4897 5797 1247 710
377 6252 9109 1634 267 2831 1069 6056 1047 9661 112 3351 8129 2093 6707 3391 6671 2028 5053 4146 5142 1426 8411 3591 5682 7017
378 6381 4511 9869 1508 8110 6280 4256 8263 3843 6179 365 8799 6201 4692 887 9335 1889 525 4334 2256 2792 3131 4413 9530
379 3555 7711 8207 4250 32 657 7762 3133 8296 7488 2601 8334 5155 67 1072 9175 5186 2532 5315 4192 2131 5059
380 8292 5034 6200 2382 2060 3435 2076 4792 9963 9553 2548 6866 282 8475 6855 3659 1265 3171 5938 9745 7773
381 1209 2899 2335 3199 5107 3993 3784 1081 4623 9054 3757 6857 2729 4789 4316 4730 7820 6510 3385 8466 919 1506 5932 3274 2161 89
382 8675 9649 271 5562 3750 3124 5451 8268 4787 11 8906 3962 9725 3568 7549 2569 9413 5594 3303 7055 6553 7522
383 3410 3409 7631 4733 3220 9202 5866 5116 8266 342 3007 3672 9022 2153 1075 4429 1065 3736 1610 3668 3937 1344
384 5299 5510 1524 9353 3583 6182 1886 5622 584 2796 5073 9671 517 1668 9835 748 3823 3076 5828 3056 7669 641
385 5934 7451 200 3921 8681 2900 9645 6593 6248 8097 1071 4856 5908 5191 5522 1964 6215 4816 7695 8474 7841 915 5264 5399 314 5037 316 2692 3690 8552 6221
386 9679 5487 2975 3717 9712 6399 2075 6850 6391 754 4093 6774 9384 6483 449 96 6309 3806 3810 2266 2689 4337 869 7008 5865 8870 2508
387 2465 4455 5214 4920 9483 9798 8132 5897 1793 1356 4054 662 5435 8463
388 606 3067 3557 7152 853 2706 6657 3499 6140 3210 5247 9554 7510 4632 9665 6988 9663 6099 5515 9336 7831 6840 9004 8054
389 2327 1407 6711 6710 1627 1686 2802 4477 7873 8229 6683 5556 9917 7321 6205 8281 9471 5638 7639 7308 5673 5787 2474 5812 7789 998 1254 5939
390 3988 7230 6377 5475 1292 547 509 6011 8904 6631 1764 165 7964 5125 8275
391 1776 8209 608 7876 9512 908 8160 4278 7474 130 3356 2504 214 1649 9170 6509 5490 2499 8393 7084 7349 3441 1336 3741 8123 1962 6342
392 8310 5500 565 5240 5917 5690 2652 3930 6333 4802 5340 2861 1275 2340 974 2047 4512 7175 7029 8340 4052 4728 8677 7393 5790 4662
393 9449 2132 210 4639 531 871 9980 7770 3754 4566 1756 732 3016 1827 3178 1657 4461 7942 1258 5781 4510 8441 36 4273 4432 3402
394 3025 9347 1177 6425 7668 751 2930 7134 883 8895 2959 8576 8673 125 6572 5590 571 4427 8577 2705 5096 5669 8080 6911 4189 5629
395 2920 8447 8254 3840 3433 9897 8782 2766 3509 8150 3174 3269 693 7620 3980 4370 9531 3706 8600 1216 2298 9650 5055 5798 1805 2408
396 187 9595 6206 5182 895 1587 9035 826 7274 2989 6848 2021 7707 8143 9193 8336 7272 2199 7670 6854 7033 7159 2487 6015 8581 8120 3588 3097
397 3817 8630 4635 3554 5012 7246 5853 64 4724 5001 5386 10 688 964 9870 6754 4960 9959 2820 3376 4864 8765 8255 8867 2583 4530 8430 8210
398 7293 5332 2330 1203 3428 7286 5981 7879 7155 6105 3935 6612 1638 8805 6621 2097 4354 4448 7215 1731 1456 3014
399 3371 5227 7465 8133 7710 6814 5043 6784 454 6921 1810 4718 5379 9939 72 5561 8975 3515 5197 1526 6700 3002 5312 3679 8001 2276 5538